<?xml version="1.0" encoding="UTF-8"?>
<!-- Generated by org.testng.reporters.JUnitXMLReporter -->
<testsuite ignored="0" hostname="DESKTOP-9CQGD26" failures="0" tests="6" name="Test" time="86.278" errors="0" timestamp="2023-08-10T17:00:12 IST">
  <testcase classname="testCases.TC_003_LoginDataDrivenTest" name="test_loginDataDrivenTest" time="13.199"/>
  <testcase classname="testCases.TC_003_LoginDataDrivenTest" name="test_loginDataDrivenTest" time="13.13"/>
  <testcase classname="testCases.TC_003_LoginDataDrivenTest" name="test_loginDataDrivenTest" time="11.923"/>
  <testcase classname="testCases.TC_003_LoginDataDrivenTest" name="test_loginDataDrivenTest" time="11.522"/>
  <testcase classname="testCases.TC_003_LoginDataDrivenTest" name="test_loginDataDrivenTest" time="11.343"/>
  <testcase classname="testCases.TC_003_LoginDataDrivenTest" name="test_loginDataDrivenTest" time="3.924"/>
</testsuite> <!-- Test -->
