<?xml version="1.0" encoding="UTF-8"?>
<testng-results ignored="0" total="1" passed="1" failed="0" skipped="0">
  <reporter-output>
  </reporter-output>
  <suite started-at="2023-08-15T11:38:26 IST" name="OpencartSuite" finished-at="2023-08-15T11:38:43 IST" duration-ms="17479">
    <groups>
      <group name="Sanity">
        <method signature="TC_002_LoginTest.test_login()[pri:0, instance:testCases.TC_002_LoginTest@6d763516]" name="test_login" class="testCases.TC_002_LoginTest"/>
      </group> <!-- Sanity -->
    </groups>
    <test started-at="2023-08-15T11:38:26 IST" name="Test" finished-at="2023-08-15T11:38:43 IST" duration-ms="17479">
      <class name="testCases.TC_002_LoginTest">
        <test-method is-config="true" signature="setup(java.lang.String)[pri:0, instance:testCases.TC_002_LoginTest@6d763516]" started-at="2023-08-15T11:38:26 IST" name="setup" finished-at="2023-08-15T11:38:39 IST" duration-ms="12649" status="PASS">
          <params>
            <param index="0">
              <value>
                <![CDATA[chrome]]>
              </value>
            </param>
          </params>
          <reporter-output>
          </reporter-output>
        </test-method> <!-- setup -->
        <test-method signature="test_login()[pri:0, instance:testCases.TC_002_LoginTest@6d763516]" started-at="2023-08-15T11:38:39 IST" name="test_login" finished-at="2023-08-15T11:38:43 IST" duration-ms="3862" status="PASS">
          <reporter-output>
          </reporter-output>
        </test-method> <!-- test_login -->
        <test-method is-config="true" signature="tearDown()[pri:0, instance:testCases.TC_002_LoginTest@6d763516]" started-at="2023-08-15T11:38:43 IST" name="tearDown" finished-at="2023-08-15T11:38:43 IST" duration-ms="430" status="PASS">
          <reporter-output>
          </reporter-output>
        </test-method> <!-- tearDown -->
      </class> <!-- testCases.TC_002_LoginTest -->
    </test> <!-- Test -->
  </suite> <!-- OpencartSuite -->
</testng-results>
