<?xml version="1.0" encoding="UTF-8"?>
<testng-results ignored="0" total="6" passed="6" failed="0" skipped="0">
  <reporter-output>
  </reporter-output>
  <suite started-at="2023-08-10T16:51:29 IST" name="OpencartSuite" finished-at="2023-08-10T16:52:51 IST" duration-ms="82430">
    <groups>
    </groups>
    <test started-at="2023-08-10T16:51:29 IST" name="Test" finished-at="2023-08-10T16:52:51 IST" duration-ms="82430">
      <class name="testCases.TC_003_LoginDataDrivenTest">
        <test-method is-config="true" signature="setup(java.lang.String)[pri:0, instance:testCases.TC_003_LoginDataDrivenTest@4c12331b]" started-at="2023-08-10T16:51:30 IST" name="setup" finished-at="2023-08-10T16:51:43 IST" duration-ms="12823" status="PASS">
          <params>
            <param index="0">
              <value>
                <![CDATA[chrome]]>
              </value>
            </param>
          </params>
          <reporter-output>
          </reporter-output>
        </test-method> <!-- setup -->
        <test-method signature="test_loginDataDrivenTest(java.lang.String,java.lang.String,java.lang.String)[pri:0, instance:testCases.TC_003_LoginDataDrivenTest@4c12331b]" started-at="2023-08-10T16:51:48 IST" name="test_loginDataDrivenTest" data-provider="LoginData" finished-at="2023-08-10T16:52:00 IST" duration-ms="12477" status="PASS">
          <params>
            <param index="0">
              <value>
                <![CDATA[pavanoltraining@gmail.com]]>
              </value>
            </param>
            <param index="1">
              <value>
                <![CDATA[test@123]]>
              </value>
            </param>
            <param index="2">
              <value>
                <![CDATA[Invalid]]>
              </value>
            </param>
          </params>
          <reporter-output>
          </reporter-output>
        </test-method> <!-- test_loginDataDrivenTest -->
        <test-method signature="test_loginDataDrivenTest(java.lang.String,java.lang.String,java.lang.String)[pri:0, instance:testCases.TC_003_LoginDataDrivenTest@4c12331b]" started-at="2023-08-10T16:52:00 IST" name="test_loginDataDrivenTest" data-provider="LoginData" finished-at="2023-08-10T16:52:12 IST" duration-ms="11696" status="PASS">
          <params>
            <param index="0">
              <value>
                <![CDATA[lakshmi@yahoo.com]]>
              </value>
            </param>
            <param index="1">
              <value>
                <![CDATA[Laxmi]]>
              </value>
            </param>
            <param index="2">
              <value>
                <![CDATA[Invalid]]>
              </value>
            </param>
          </params>
          <reporter-output>
          </reporter-output>
        </test-method> <!-- test_loginDataDrivenTest -->
        <test-method signature="test_loginDataDrivenTest(java.lang.String,java.lang.String,java.lang.String)[pri:0, instance:testCases.TC_003_LoginDataDrivenTest@4c12331b]" started-at="2023-08-10T16:52:12 IST" name="test_loginDataDrivenTest" data-provider="LoginData" finished-at="2023-08-10T16:52:23 IST" duration-ms="11683" status="PASS">
          <params>
            <param index="0">
              <value>
                <![CDATA[laksh@yahoo.com]]>
              </value>
            </param>
            <param index="1">
              <value>
                <![CDATA[Lakshmi]]>
              </value>
            </param>
            <param index="2">
              <value>
                <![CDATA[Invalid]]>
              </value>
            </param>
          </params>
          <reporter-output>
          </reporter-output>
        </test-method> <!-- test_loginDataDrivenTest -->
        <test-method signature="test_loginDataDrivenTest(java.lang.String,java.lang.String,java.lang.String)[pri:0, instance:testCases.TC_003_LoginDataDrivenTest@4c12331b]" started-at="2023-08-10T16:52:23 IST" name="test_loginDataDrivenTest" data-provider="LoginData" finished-at="2023-08-10T16:52:35 IST" duration-ms="11684" status="PASS">
          <params>
            <param index="0">
              <value>
                <![CDATA[laks@yahoo.com]]>
              </value>
            </param>
            <param index="1">
              <value>
                <![CDATA[xyz]]>
              </value>
            </param>
            <param index="2">
              <value>
                <![CDATA[Invalid]]>
              </value>
            </param>
          </params>
          <reporter-output>
          </reporter-output>
        </test-method> <!-- test_loginDataDrivenTest -->
        <test-method signature="test_loginDataDrivenTest(java.lang.String,java.lang.String,java.lang.String)[pri:0, instance:testCases.TC_003_LoginDataDrivenTest@4c12331b]" started-at="2023-08-10T16:52:35 IST" name="test_loginDataDrivenTest" data-provider="LoginData" finished-at="2023-08-10T16:52:47 IST" duration-ms="11634" status="PASS">
          <params>
            <param index="0">
              <value>
                <![CDATA[abc123@gmail.com]]>
              </value>
            </param>
            <param index="1">
              <value>
                <![CDATA[test@123]]>
              </value>
            </param>
            <param index="2">
              <value>
                <![CDATA[Invalid]]>
              </value>
            </param>
          </params>
          <reporter-output>
          </reporter-output>
        </test-method> <!-- test_loginDataDrivenTest -->
        <test-method signature="test_loginDataDrivenTest(java.lang.String,java.lang.String,java.lang.String)[pri:0, instance:testCases.TC_003_LoginDataDrivenTest@4c12331b]" started-at="2023-08-10T16:52:47 IST" name="test_loginDataDrivenTest" data-provider="LoginData" finished-at="2023-08-10T16:52:51 IST" duration-ms="4008" status="PASS">
          <params>
            <param index="0">
              <value>
                <![CDATA[tanu@gmail.com]]>
              </value>
            </param>
            <param index="1">
              <value>
                <![CDATA[tanu]]>
              </value>
            </param>
            <param index="2">
              <value>
                <![CDATA[valid]]>
              </value>
            </param>
          </params>
          <reporter-output>
          </reporter-output>
        </test-method> <!-- test_loginDataDrivenTest -->
        <test-method is-config="true" signature="tearDown()[pri:0, instance:testCases.TC_003_LoginDataDrivenTest@4c12331b]" started-at="2023-08-10T16:52:51 IST" name="tearDown" finished-at="2023-08-10T16:52:51 IST" duration-ms="649" status="PASS">
          <reporter-output>
          </reporter-output>
        </test-method> <!-- tearDown -->
      </class> <!-- testCases.TC_003_LoginDataDrivenTest -->
    </test> <!-- Test -->
  </suite> <!-- OpencartSuite -->
</testng-results>
