<?xml version="1.0" encoding="UTF-8"?>
<!-- Generated by org.testng.reporters.JUnitXMLReporter -->
<testsuite ignored="0" hostname="DESKTOP-9CQGD26" failures="0" tests="6" name="Test" time="82.43" errors="0" timestamp="2023-08-10T16:52:53 IST">
  <testcase classname="testCases.TC_003_LoginDataDrivenTest" name="test_loginDataDrivenTest" time="12.477"/>
  <testcase classname="testCases.TC_003_LoginDataDrivenTest" name="test_loginDataDrivenTest" time="11.696"/>
  <testcase classname="testCases.TC_003_LoginDataDrivenTest" name="test_loginDataDrivenTest" time="11.683"/>
  <testcase classname="testCases.TC_003_LoginDataDrivenTest" name="test_loginDataDrivenTest" time="11.684"/>
  <testcase classname="testCases.TC_003_LoginDataDrivenTest" name="test_loginDataDrivenTest" time="11.634"/>
  <testcase classname="testCases.TC_003_LoginDataDrivenTest" name="test_loginDataDrivenTest" time="4.008"/>
</testsuite> <!-- Test -->
