<?xml version="1.0" encoding="UTF-8"?>
<!-- Generated by org.testng.reporters.JUnitXMLReporter -->
<testsuite ignored="0" hostname="DESKTOP-9CQGD26" failures="0" tests="6" name="Test" time="80.949" errors="0" timestamp="2023-08-10T16:45:18 IST">
  <testcase classname="testCases.TC_003_LoginDataDrivenTest" name="test_loginDataDrivenTest" time="13.873"/>
  <testcase classname="testCases.TC_003_LoginDataDrivenTest" name="test_loginDataDrivenTest" time="11.753"/>
  <testcase classname="testCases.TC_003_LoginDataDrivenTest" name="test_loginDataDrivenTest" time="12.573"/>
  <testcase classname="testCases.TC_003_LoginDataDrivenTest" name="test_loginDataDrivenTest" time="11.536"/>
  <testcase classname="testCases.TC_003_LoginDataDrivenTest" name="test_loginDataDrivenTest" time="11.367"/>
  <testcase classname="testCases.TC_003_LoginDataDrivenTest" name="test_loginDataDrivenTest" time="4.597"/>
</testsuite> <!-- Test -->
